<?xml version="1.0" encoding="UTF-8"?>
<testng-results skipped="0" failed="0" ignored="0" total="1" passed="1">
  <reporter-output>
    <line>
      <![CDATA[Pincode changed]]>
    </line>
  </reporter-output>
  <suite name="Default suite" duration-ms="46187" started-at="2020-04-07T12:55:26 IST" finished-at="2020-04-07T12:56:12 IST">
    <groups>
    </groups>
    <test name="Default test" duration-ms="46187" started-at="2020-04-07T12:55:26 IST" finished-at="2020-04-07T12:56:12 IST">
      <class name="com.tyss.flipkart.testscripts.DeliveryPincodeChange">
        <test-method status="PASS" signature="configBC()[pri:0, instance:com.tyss.flipkart.testscripts.DeliveryPincodeChange@43814d18]" name="configBC" is-config="true" duration-ms="26072" started-at="2020-04-07T12:55:26 IST" finished-at="2020-04-07T12:55:52 IST">
          <reporter-output>
          </reporter-output>
        </test-method> <!-- configBC -->
        <test-method status="PASS" signature="configBM()[pri:0, instance:com.tyss.flipkart.testscripts.DeliveryPincodeChange@43814d18]" name="configBM" is-config="true" duration-ms="1014" started-at="2020-04-07T12:55:52 IST" finished-at="2020-04-07T12:55:53 IST">
          <reporter-output>
          </reporter-output>
        </test-method> <!-- configBM -->
        <test-method status="PASS" signature="deliveryPincodeChange()[pri:0, instance:com.tyss.flipkart.testscripts.DeliveryPincodeChange@43814d18]" name="deliveryPincodeChange" duration-ms="18903" started-at="2020-04-07T12:55:53 IST" finished-at="2020-04-07T12:56:12 IST">
          <reporter-output>
            <line>
              <![CDATA[Pincode changed]]>
            </line>
          </reporter-output>
        </test-method> <!-- deliveryPincodeChange -->
        <test-method status="PASS" signature="configAM()[pri:0, instance:com.tyss.flipkart.testscripts.DeliveryPincodeChange@43814d18]" name="configAM" is-config="true" duration-ms="29" started-at="2020-04-07T12:56:12 IST" finished-at="2020-04-07T12:56:12 IST">
          <reporter-output>
          </reporter-output>
        </test-method> <!-- configAM -->
        <test-method status="PASS" signature="configAT()[pri:0, instance:com.tyss.flipkart.testscripts.DeliveryPincodeChange@43814d18]" name="configAT" is-config="true" duration-ms="1" started-at="2020-04-07T12:56:12 IST" finished-at="2020-04-07T12:56:12 IST">
          <reporter-output>
          </reporter-output>
        </test-method> <!-- configAT -->
      </class> <!-- com.tyss.flipkart.testscripts.DeliveryPincodeChange -->
    </test> <!-- Default test -->
  </suite> <!-- Default suite -->
</testng-results>
